[0.061s] Invoking command in '/home/mo/Thesis/build/kr_msgs': /usr/bin/cmake --build /home/mo/Thesis/build/kr_msgs -- -j8 -l8
[0.686s] -- Found ament_cmake: 0.9.12 (/opt/ros/foxy/share/ament_cmake/cmake)
[0.686s] -- Found PythonInterp: /usr/bin/python3 (found suitable version "3.8.10", minimum required is "3") 
[0.686s] -- Using PYTHON_EXECUTABLE: /usr/bin/python3
[0.687s] -- Configuring incomplete, errors occurred!
[0.687s] See also "/home/mo/Thesis/build/kr_msgs/CMakeFiles/CMakeOutput.log".
[0.687s] Traceback (most recent call last):
[0.687s]   File "/opt/ros/foxy/share/ament_cmake_core/cmake/package_templates/templates_2_cmake.py", line 21, in <module>
[0.687s]     from ament_package.templates import get_environment_hook_template_path
[0.687s] ModuleNotFoundError: No module named 'ament_package'
[0.687s] CMake Error at /opt/ros/foxy/share/ament_cmake_core/cmake/ament_cmake_package_templates-extras.cmake:41 (message):
[0.687s]   execute_process(/usr/bin/python3
[0.687s]   /opt/ros/foxy/share/ament_cmake_core/cmake/package_templates/templates_2_cmake.py
[0.687s]   /home/mo/Thesis/build/kr_msgs/ament_cmake_package_templates/templates.cmake)
[0.687s]   returned error code 1
[0.687s] Call Stack (most recent call first):
[0.687s]   /opt/ros/foxy/share/ament_cmake_core/cmake/ament_cmake_coreConfig.cmake:41 (include)
[0.687s]   /opt/ros/foxy/share/ament_cmake/cmake/ament_cmake_export_dependencies-extras.cmake:15 (find_package)
[0.687s]   /opt/ros/foxy/share/ament_cmake/cmake/ament_cmakeConfig.cmake:41 (include)
[0.687s]   CMakeLists.txt:19 (find_package)
[0.687s] 
[0.687s] 
[0.687s] make: *** [Makefile:13468: cmake_check_build_system] Fehler 1
[0.903s] Invoked command in '/home/mo/Thesis/build/kr_msgs' returned '2': /usr/bin/cmake --build /home/mo/Thesis/build/kr_msgs -- -j8 -l8
