[0.045s] Invoking command in '/home/mo/Thesis/build/action_interfaces': CMAKE_PREFIX_PATH=${CMAKE_PREFIX_PATH}:/home/mo/Thesis/install/vision:/home/mo/Thesis/install/vcnanoz:/home/mo/Thesis/install/sensopart_visor:/home/mo/Thesis/install/robot_control:/home/mo/Thesis/install/kr_example_python:/home/mo/Thesis/install/action_servers:/opt/ros/foxy /usr/bin/cmake --build /home/mo/Thesis/build/action_interfaces -- -j16 -l16
[0.512s] [  1%] Built target action_interfaces__cpp
[0.512s] [  3%] [32mBuilding C object CMakeFiles/action_interfaces__rosidl_generator_c.dir/rosidl_generator_c/action_interfaces/msg/detail/hook__functions.c.o[0m
[0.513s] [  3%] [32mBuilding C object CMakeFiles/action_interfaces__rosidl_generator_c.dir/rosidl_generator_c/action_interfaces/msg/detail/hook_data__functions.c.o[0m
[0.514s] [  5%] [32mBuilding CXX object CMakeFiles/action_interfaces__rosidl_typesupport_cpp.dir/rosidl_typesupport_cpp/action_interfaces/msg/hook_data__type_support.cpp.o[0m
[0.514s] [  6%] [32mBuilding CXX object CMakeFiles/action_interfaces__rosidl_typesupport_introspection_cpp.dir/rosidl_typesupport_introspection_cpp/action_interfaces/msg/detail/hook__type_support.cpp.o[0m
[0.514s] [  8%] [32mBuilding CXX object CMakeFiles/action_interfaces__rosidl_typesupport_introspection_cpp.dir/rosidl_typesupport_introspection_cpp/action_interfaces/msg/detail/hook_data__type_support.cpp.o[0m
[0.514s] [  8%] [32mBuilding CXX object CMakeFiles/action_interfaces__rosidl_typesupport_cpp.dir/rosidl_typesupport_cpp/action_interfaces/msg/hook__type_support.cpp.o[0m
[0.515s] [ 11%] [32mBuilding CXX object CMakeFiles/action_interfaces__rosidl_typesupport_fastrtps_cpp.dir/rosidl_typesupport_fastrtps_cpp/action_interfaces/msg/detail/dds_fastrtps/hook_data__type_support.cpp.o[0m
[0.516s] [ 11%] [32mBuilding CXX object CMakeFiles/action_interfaces__rosidl_typesupport_fastrtps_cpp.dir/rosidl_typesupport_fastrtps_cpp/action_interfaces/msg/detail/dds_fastrtps/hook__type_support.cpp.o[0m
[0.516s] In file included from [01m[K/home/mo/Thesis/build/action_interfaces/rosidl_generator_c/action_interfaces/msg/detail/hook_data__struct.h:22[m[K,
[0.516s]                  from [01m[K/home/mo/Thesis/build/action_interfaces/rosidl_generator_c/action_interfaces/msg/detail/hook_data__functions.h:19[m[K,
[0.516s]                  from [01m[K/home/mo/Thesis/build/action_interfaces/rosidl_generator_c/action_interfaces/msg/detail/hook_data__functions.c:4[m[K:
[0.516s] [01m[K/home/mo/Thesis/build/action_interfaces/rosidl_generator_c/action_interfaces/msg/detail/hook__struct.h:44:10:[m[K [01;31m[Kfatal error: [m[Kaction_interfaces/msg/detail/xyz__struct.h: Datei oder Verzeichnis nicht gefunden
[0.517s]    44 | #include [01;31m[K"action_interfaces/msg/detail/xyz__struct.h"[m[K
[0.517s]       |          [01;31m[K^~~~~~~~~~~~~~~~~~~~~~~~~~~~~~~~~~~~~~~~~~~~[m[K
[0.517s] compilation terminated.
[0.517s] make[2]: *** [CMakeFiles/action_interfaces__rosidl_generator_c.dir/build.make:347: CMakeFiles/action_interfaces__rosidl_generator_c.dir/rosidl_generator_c/action_interfaces/msg/detail/hook_data__functions.c.o] Fehler 1
[0.517s] make[2]: *** Auf noch nicht beendete Prozesse wird gewartet â€¦
[0.518s] In file included from [01m[K/home/mo/Thesis/build/action_interfaces/rosidl_generator_c/action_interfaces/msg/detail/hook__functions.h:19[m[K,
[0.518s]                  from [01m[K/home/mo/Thesis/build/action_interfaces/rosidl_generator_c/action_interfaces/msg/detail/hook__functions.c:4[m[K:
[0.518s] [01m[K/home/mo/Thesis/build/action_interfaces/rosidl_generator_c/action_interfaces/msg/detail/hook__struct.h:44:10:[m[K [01;31m[Kfatal error: [m[Kaction_interfaces/msg/detail/xyz__struct.h: Datei oder Verzeichnis nicht gefunden
[0.518s]    44 | #include [01;31m[K"action_interfaces/msg/detail/xyz__struct.h"[m[K
[0.518s]       |          [01;31m[K^~~~~~~~~~~~~~~~~~~~~~~~~~~~~~~~~~~~~~~~~~~~[m[K
[0.518s] compilation terminated.
[0.519s] make[2]: *** [CMakeFiles/action_interfaces__rosidl_generator_c.dir/build.make:334: CMakeFiles/action_interfaces__rosidl_generator_c.dir/rosidl_generator_c/action_interfaces/msg/detail/hook__functions.c.o] Fehler 1
[0.519s] make[1]: *** [CMakeFiles/Makefile2:469: CMakeFiles/action_interfaces__rosidl_generator_c.dir/all] Fehler 2
[0.519s] make[1]: *** Auf noch nicht beendete Prozesse wird gewartet â€¦
[0.519s] In file included from [01m[K/home/mo/Thesis/build/action_interfaces/rosidl_typesupport_cpp/action_interfaces/msg/hook__type_support.cpp:7[m[K:
[0.519s] [01m[K/home/mo/Thesis/build/action_interfaces/rosidl_generator_cpp/action_interfaces/msg/detail/hook__struct.hpp:39:10:[m[K [01;31m[Kfatal error: [m[Kaction_interfaces/msg/detail/xyz__struct.hpp: Datei oder Verzeichnis nicht gefunden
[0.519s]    39 | #include [01;31m[K"action_interfaces/msg/detail/xyz__struct.hpp"[m[K
[0.520s]       |          [01;31m[K^~~~~~~~~~~~~~~~~~~~~~~~~~~~~~~~~~~~~~~~~~~~~~[m[K
[0.520s] compilation terminated.
[0.520s] make[2]: *** [CMakeFiles/action_interfaces__rosidl_typesupport_cpp.dir/build.make:243: CMakeFiles/action_interfaces__rosidl_typesupport_cpp.dir/rosidl_typesupport_cpp/action_interfaces/msg/hook__type_support.cpp.o] Fehler 1
[0.520s] make[2]: *** Auf noch nicht beendete Prozesse wird gewartet â€¦
[0.520s] In file included from [01m[K/home/mo/Thesis/build/action_interfaces/rosidl_generator_cpp/action_interfaces/msg/detail/hook_data__struct.hpp:19[m[K,
[0.520s]                  from [01m[K/home/mo/Thesis/build/action_interfaces/rosidl_typesupport_introspection_cpp/action_interfaces/msg/detail/hook_data__type_support.cpp:12[m[K:
[0.520s] [01m[K/home/mo/Thesis/build/action_interfaces/rosidl_generator_cpp/action_interfaces/msg/detail/hook__struct.hpp:39:10:[m[K [01;31m[Kfatal error: [m[Kaction_interfaces/msg/detail/xyz__struct.hpp: Datei oder Verzeichnis nicht gefunden
[0.521s]    39 | #include [01;31m[K"action_interfaces/msg/detail/xyz__struct.hpp"[m[K
[0.521s]       |          [01;31m[K^~~~~~~~~~~~~~~~~~~~~~~~~~~~~~~~~~~~~~~~~~~~~~[m[K
[0.521s] compilation terminated.
[0.521s] In file included from [01m[K/home/mo/Thesis/build/action_interfaces/rosidl_typesupport_introspection_cpp/action_interfaces/msg/detail/hook__type_support.cpp:12[m[K:
[0.524s] [01m[K/home/mo/Thesis/build/action_interfaces/rosidl_generator_cpp/action_interfaces/msg/detail/hook__struct.hpp:39:10:[m[K [01;31m[Kfatal error: [m[Kaction_interfaces/msg/detail/xyz__struct.hpp: Datei oder Verzeichnis nicht gefunden
[0.524s]    39 | #include [01;31m[K"action_interfaces/msg/detail/xyz__struct.hpp"[m[K
[0.524s]       |          [01;31m[K^~~~~~~~~~~~~~~~~~~~~~~~~~~~~~~~~~~~~~~~~~~~~~[m[K
[0.524s] compilation terminated.
[0.525s] In file included from [01m[K/home/mo/Thesis/build/action_interfaces/rosidl_generator_cpp/action_interfaces/msg/detail/hook_data__struct.hpp:19[m[K,
[0.525s]                  from [01m[K/home/mo/Thesis/build/action_interfaces/rosidl_typesupport_cpp/action_interfaces/msg/hook_data__type_support.cpp:7[m[K:
[0.525s] [01m[K/home/mo/Thesis/build/action_interfaces/rosidl_generator_cpp/action_interfaces/msg/detail/hook__struct.hpp:39:10:[m[K [01;31m[Kfatal error: [m[Kaction_interfaces/msg/detail/xyz__struct.hpp: Datei oder Verzeichnis nicht gefunden
[0.525s]    39 | #include [01;31m[K"action_interfaces/msg/detail/xyz__struct.hpp"[m[K
[0.525s]       |          [01;31m[K^~~~~~~~~~~~~~~~~~~~~~~~~~~~~~~~~~~~~~~~~~~~~~[m[K
[0.525s] compilation terminated.
[0.525s] In file included from [01m[K/home/mo/Thesis/build/action_interfaces/rosidl_generator_cpp/action_interfaces/msg/detail/hook_data__struct.hpp:19[m[K,
[0.525s]                  from [01m[K/home/mo/Thesis/build/action_interfaces/rosidl_typesupport_fastrtps_cpp/action_interfaces/msg/detail/hook_data__rosidl_typesupport_fastrtps_cpp.hpp:11[m[K,
[0.526s]                  from [01m[K/home/mo/Thesis/build/action_interfaces/rosidl_typesupport_fastrtps_cpp/action_interfaces/msg/detail/dds_fastrtps/hook_data__type_support.cpp:4[m[K:
[0.526s] [01m[K/home/mo/Thesis/build/action_interfaces/rosidl_generator_cpp/action_interfaces/msg/detail/hook__struct.hpp:39:10:[m[K [01;31m[Kfatal error: [m[Kaction_interfaces/msg/detail/xyz__struct.hpp: Datei oder Verzeichnis nicht gefunden
[0.526s]    39 | #include [01;31m[K"action_interfaces/msg/detail/xyz__struct.hpp"[m[K
[0.526s]       |          [01;31m[K^~~~~~~~~~~~~~~~~~~~~~~~~~~~~~~~~~~~~~~~~~~~~~[m[K
[0.526s] compilation terminated.
[0.526s] make[2]: *** [CMakeFiles/action_interfaces__rosidl_typesupport_cpp.dir/build.make:256: CMakeFiles/action_interfaces__rosidl_typesupport_cpp.dir/rosidl_typesupport_cpp/action_interfaces/msg/hook_data__type_support.cpp.o] Fehler 1
[0.526s] make[2]: *** [CMakeFiles/action_interfaces__rosidl_typesupport_introspection_cpp.dir/build.make:266: CMakeFiles/action_interfaces__rosidl_typesupport_introspection_cpp.dir/rosidl_typesupport_introspection_cpp/action_interfaces/msg/detail/hook__type_support.cpp.o] Fehler 1
[0.527s] make[2]: *** Auf noch nicht beendete Prozesse wird gewartet â€¦
[0.527s] make[2]: *** [CMakeFiles/action_interfaces__rosidl_typesupport_introspection_cpp.dir/build.make:279: CMakeFiles/action_interfaces__rosidl_typesupport_introspection_cpp.dir/rosidl_typesupport_introspection_cpp/action_interfaces/msg/detail/hook_data__type_support.cpp.o] Fehler 1
[0.527s] make[1]: *** [CMakeFiles/Makefile2:272: CMakeFiles/action_interfaces__rosidl_typesupport_cpp.dir/all] Fehler 2
[0.527s] make[1]: *** [CMakeFiles/Makefile2:496: CMakeFiles/action_interfaces__rosidl_typesupport_introspection_cpp.dir/all] Fehler 2
[0.527s] make[2]: *** [CMakeFiles/action_interfaces__rosidl_typesupport_fastrtps_cpp.dir/build.make:279: CMakeFiles/action_interfaces__rosidl_typesupport_fastrtps_cpp.dir/rosidl_typesupport_fastrtps_cpp/action_interfaces/msg/detail/dds_fastrtps/hook_data__type_support.cpp.o] Fehler 1
[0.527s] make[2]: *** Auf noch nicht beendete Prozesse wird gewartet â€¦
[0.528s] In file included from [01m[K/home/mo/Thesis/build/action_interfaces/rosidl_typesupport_fastrtps_cpp/action_interfaces/msg/detail/hook__rosidl_typesupport_fastrtps_cpp.hpp:11[m[K,
[0.528s]                  from [01m[K/home/mo/Thesis/build/action_interfaces/rosidl_typesupport_fastrtps_cpp/action_interfaces/msg/detail/dds_fastrtps/hook__type_support.cpp:4[m[K:
[0.528s] [01m[K/home/mo/Thesis/build/action_interfaces/rosidl_generator_cpp/action_interfaces/msg/detail/hook__struct.hpp:39:10:[m[K [01;31m[Kfatal error: [m[Kaction_interfaces/msg/detail/xyz__struct.hpp: Datei oder Verzeichnis nicht gefunden
[0.528s]    39 | #include [01;31m[K"action_interfaces/msg/detail/xyz__struct.hpp"[m[K
[0.528s]       |          [01;31m[K^~~~~~~~~~~~~~~~~~~~~~~~~~~~~~~~~~~~~~~~~~~~~~[m[K
[0.528s] compilation terminated.
[0.528s] make[2]: *** [CMakeFiles/action_interfaces__rosidl_typesupport_fastrtps_cpp.dir/build.make:266: CMakeFiles/action_interfaces__rosidl_typesupport_fastrtps_cpp.dir/rosidl_typesupport_fastrtps_cpp/action_interfaces/msg/detail/dds_fastrtps/hook__type_support.cpp.o] Fehler 1
[0.528s] make[1]: *** [CMakeFiles/Makefile2:361: CMakeFiles/action_interfaces__rosidl_typesupport_fastrtps_cpp.dir/all] Fehler 2
[0.529s] make: *** [Makefile:141: all] Fehler 2
[0.529s] Invoked command in '/home/mo/Thesis/build/action_interfaces' returned '2': CMAKE_PREFIX_PATH=${CMAKE_PREFIX_PATH}:/home/mo/Thesis/install/vision:/home/mo/Thesis/install/vcnanoz:/home/mo/Thesis/install/sensopart_visor:/home/mo/Thesis/install/robot_control:/home/mo/Thesis/install/kr_example_python:/home/mo/Thesis/install/action_servers:/opt/ros/foxy /usr/bin/cmake --build /home/mo/Thesis/build/action_interfaces -- -j16 -l16
