[0.069s] Invoking command in '/home/mo/Thesis/build/action_interfaces': /usr/bin/cmake --build /home/mo/Thesis/build/action_interfaces -- -j8 -l8
[0.687s] -- Found ament_cmake: 0.9.12 (/opt/ros/foxy/share/ament_cmake/cmake)
[0.688s] -- Found PythonInterp: /usr/bin/python3 (found suitable version "3.8.10", minimum required is "3") 
[0.689s] -- Using PYTHON_EXECUTABLE: /usr/bin/python3
[0.693s] -- Configuring incomplete, errors occurred!
[0.694s] See also "/home/mo/Thesis/build/action_interfaces/CMakeFiles/CMakeOutput.log".
[0.694s] Traceback (most recent call last):
[0.695s]   File "/opt/ros/foxy/share/ament_cmake_core/cmake/package_templates/templates_2_cmake.py", line 21, in <module>
[0.696s]     from ament_package.templates import get_environment_hook_template_path
[0.697s] ModuleNotFoundError: No module named 'ament_package'
[0.697s] CMake Error at /opt/ros/foxy/share/ament_cmake_core/cmake/ament_cmake_package_templates-extras.cmake:41 (message):
[0.698s]   execute_process(/usr/bin/python3
[0.699s]   /opt/ros/foxy/share/ament_cmake_core/cmake/package_templates/templates_2_cmake.py
[0.699s]   /home/mo/Thesis/build/action_interfaces/ament_cmake_package_templates/templates.cmake)
[0.699s]   returned error code 1
[0.700s] Call Stack (most recent call first):
[0.702s]   /opt/ros/foxy/share/ament_cmake_core/cmake/ament_cmake_coreConfig.cmake:41 (include)
[0.702s]   /opt/ros/foxy/share/ament_cmake/cmake/ament_cmake_export_dependencies-extras.cmake:15 (find_package)
[0.703s]   /opt/ros/foxy/share/ament_cmake/cmake/ament_cmakeConfig.cmake:41 (include)
[0.703s]   CMakeLists.txt:19 (find_package)
[0.703s] 
[0.703s] 
[0.703s] make: *** [Makefile:988: cmake_check_build_system] Fehler 1
[0.896s] Invoked command in '/home/mo/Thesis/build/action_interfaces' returned '2': /usr/bin/cmake --build /home/mo/Thesis/build/action_interfaces -- -j8 -l8
